<?xml version="1.0" encoding="UTF-8"?>
<TestRun id="f06c3006-7f96-4b69-8a96-287dde5a7906" name="Admin@10266A-GEN-DEV 2022-07-27 08:55:09" runUser="10266A-GEN-DEV\Admin" xmlns="http://microsoft.com/schemas/VisualStudio/TeamTest/2010">
  <TestSettings name="Local" id="63150442-023f-4362-ac0f-2805b5a9e2b5">
    <Description>These are default test settings for a local test run.</Description>
    <Deployment enabled="false" runDeploymentRoot="Admin_10266A-GEN-DEV 2022-07-27 08_55_09">
      <DeploymentItem filename="E:\Labfiles\Lab 7\Ex1\Starter\StressTest\bin\Debug\StressTest.dll" />
    </Deployment>
    <Execution>
      <TestTypeSpecific />
      <AgentRule name="Execution Agents">
      </AgentRule>
    </Execution>
  </TestSettings>
  <Times creation="2022-07-27T08:55:09.2142812-07:00" queuing="2022-07-27T08:55:09.2240468-07:00" start="2022-07-27T08:55:09.2328359-07:00" finish="2022-07-27T08:55:09.3295156-07:00" />
  <ResultSummary outcome="Completed">
    <Counters total="1" executed="1" passed="1" error="0" failed="0" timeout="0" aborted="0" inconclusive="0" passedButRunAborted="0" notRunnable="0" notExecuted="0" disconnected="0" warning="0" completed="0" inProgress="0" pending="0" />
  </ResultSummary>
  <TestDefinitions>
    <UnitTest name="StressTestCaseConstructorTest" storage="e:\labfiles\lab 7\ex1\starter\stresstest unit test project\bin\debug\module 7 unit test project.dll" id="4b5ca72b-c0e0-3aa2-217a-dcdd00acddfd">
      <Execution id="090dc1ad-3015-489a-b6d4-3d219a0f7219" />
      <TestMethod codeBase="E:/Labfiles/Lab 7/Ex1/Starter/StressTest Unit Test Project/bin/Debug/Module 7 Unit Test Project.DLL" adapterTypeName="Microsoft.VisualStudio.TestTools.TestTypes.Unit.UnitTestAdapter, Microsoft.VisualStudio.QualityTools.Tips.UnitTest.Adapter, Version=10.0.0.0, Culture=neutral, PublicKeyToken=b03f5f7f11d50a3a" className="Module_7_Unit_Test_Project.StressTestCaseTest, Module 7 Unit Test Project, Version=1.0.0.0, Culture=neutral, PublicKeyToken=null" name="StressTestCaseConstructorTest" />
    </UnitTest>
  </TestDefinitions>
  <TestLists>
    <TestList name="Results Not in a List" id="8c84fa94-04c1-424b-9868-57a2d4851a1d" />
    <TestList name="All Loaded Results" id="19431567-8539-422a-85d7-44ee4e166bda" />
  </TestLists>
  <TestEntries>
    <TestEntry testId="4b5ca72b-c0e0-3aa2-217a-dcdd00acddfd" executionId="090dc1ad-3015-489a-b6d4-3d219a0f7219" testListId="8c84fa94-04c1-424b-9868-57a2d4851a1d" />
  </TestEntries>
  <Results>
    <UnitTestResult executionId="090dc1ad-3015-489a-b6d4-3d219a0f7219" testId="4b5ca72b-c0e0-3aa2-217a-dcdd00acddfd" testName="StressTestCaseConstructorTest" computerName="10266A-GEN-DEV" duration="00:00:00.0081922" startTime="2022-07-27T08:55:09.2406484-07:00" endTime="2022-07-27T08:55:09.3236562-07:00" testType="13cdc9d9-ddb5-4fa4-a97d-d965ccfc6d4b" outcome="Passed" testListId="8c84fa94-04c1-424b-9868-57a2d4851a1d" relativeResultsDirectory="090dc1ad-3015-489a-b6d4-3d219a0f7219">
    </UnitTestResult>
  </Results>
</TestRun>