<?xml version="1.0" encoding="UTF-8"?>
<TestRun id="2b35b1d8-fc0a-4908-9a4c-3499e97fe29e" name="Admin@10266A-GEN-DEV 2022-07-27 08:54:20" runUser="10266A-GEN-DEV\Admin" xmlns="http://microsoft.com/schemas/VisualStudio/TeamTest/2010">
  <TestSettings name="Local" id="63150442-023f-4362-ac0f-2805b5a9e2b5">
    <Description>These are default test settings for a local test run.</Description>
    <Deployment enabled="false" runDeploymentRoot="Admin_10266A-GEN-DEV 2022-07-27 08_54_20">
      <DeploymentItem filename="E:\Labfiles\Lab 7\Ex1\Starter\StressTest\bin\Debug\StressTest.dll" />
    </Deployment>
    <Execution>
      <TestTypeSpecific />
      <AgentRule name="Execution Agents">
      </AgentRule>
    </Execution>
  </TestSettings>
  <Times creation="2022-07-27T08:54:20.4828359-07:00" queuing="2022-07-27T08:54:20.7133046-07:00" start="2022-07-27T08:54:20.7357656-07:00" finish="2022-07-27T08:54:20.8763906-07:00" />
  <ResultSummary outcome="Completed">
    <Counters total="5" executed="5" passed="5" error="0" failed="0" timeout="0" aborted="0" inconclusive="0" passedButRunAborted="0" notRunnable="0" notExecuted="0" disconnected="0" warning="0" completed="0" inProgress="0" pending="0" />
  </ResultSummary>
  <TestDefinitions>
    <UnitTest name="PerformStressTestTest" storage="e:\labfiles\lab 7\ex1\starter\stresstest unit test project\bin\debug\module 7 unit test project.dll" id="bbdebe19-d9b1-54e0-0b83-827f9b576015">
      <Execution id="c59a9b33-6738-4a09-a6e2-a40a67793870" />
      <TestMethod codeBase="E:/Labfiles/Lab 7/Ex1/Starter/StressTest Unit Test Project/bin/Debug/Module 7 Unit Test Project.DLL" adapterTypeName="Microsoft.VisualStudio.TestTools.TestTypes.Unit.UnitTestAdapter, Microsoft.VisualStudio.QualityTools.Tips.UnitTest.Adapter, Version=10.0.0.0, Culture=neutral, PublicKeyToken=b03f5f7f11d50a3a" className="Module_7_Unit_Test_Project.StressTestCaseTest, Module 7 Unit Test Project, Version=1.0.0.0, Culture=neutral, PublicKeyToken=null" name="PerformStressTestTest" />
    </UnitTest>
    <UnitTest name="GetStressTestResultTest" storage="e:\labfiles\lab 7\ex1\starter\stresstest unit test project\bin\debug\module 7 unit test project.dll" id="70b9a4e8-adeb-92de-9a22-c40ce6116f91">
      <Execution id="260699b3-5964-48ab-9cd2-08c0ddb28a9b" />
      <TestMethod codeBase="E:/Labfiles/Lab 7/Ex1/Starter/StressTest Unit Test Project/bin/Debug/Module 7 Unit Test Project.DLL" adapterTypeName="Microsoft.VisualStudio.TestTools.TestTypes.Unit.UnitTestAdapter, Microsoft.VisualStudio.QualityTools.Tips.UnitTest.Adapter, Version=10.0.0.0, Culture=neutral, PublicKeyToken=b03f5f7f11d50a3a" className="Module_7_Unit_Test_Project.StressTestCaseTest, Module 7 Unit Test Project, Version=1.0.0.0, Culture=neutral, PublicKeyToken=null" name="GetStressTestResultTest" />
    </UnitTest>
    <UnitTest name="StressTestCaseConstructorTest1" storage="e:\labfiles\lab 7\ex1\starter\stresstest unit test project\bin\debug\module 7 unit test project.dll" id="61c7c0c4-6e56-2e34-4cb3-02150288c418">
      <Execution id="03aba92f-d200-4df7-a3ab-6fe99c8cc5b2" />
      <TestMethod codeBase="E:/Labfiles/Lab 7/Ex1/Starter/StressTest Unit Test Project/bin/Debug/Module 7 Unit Test Project.DLL" adapterTypeName="Microsoft.VisualStudio.TestTools.TestTypes.Unit.UnitTestAdapter, Microsoft.VisualStudio.QualityTools.Tips.UnitTest.Adapter, Version=10.0.0.0, Culture=neutral, PublicKeyToken=b03f5f7f11d50a3a" className="Module_7_Unit_Test_Project.StressTestCaseTest, Module 7 Unit Test Project, Version=1.0.0.0, Culture=neutral, PublicKeyToken=null" name="StressTestCaseConstructorTest1" />
    </UnitTest>
    <UnitTest name="StressTestCaseConstructorTest" storage="e:\labfiles\lab 7\ex1\starter\stresstest unit test project\bin\debug\module 7 unit test project.dll" id="4b5ca72b-c0e0-3aa2-217a-dcdd00acddfd">
      <Execution id="4e67e163-375c-43bb-8fe7-87e82fa8e6fc" />
      <TestMethod codeBase="E:/Labfiles/Lab 7/Ex1/Starter/StressTest Unit Test Project/bin/Debug/Module 7 Unit Test Project.DLL" adapterTypeName="Microsoft.VisualStudio.TestTools.TestTypes.Unit.UnitTestAdapter, Microsoft.VisualStudio.QualityTools.Tips.UnitTest.Adapter, Version=10.0.0.0, Culture=neutral, PublicKeyToken=b03f5f7f11d50a3a" className="Module_7_Unit_Test_Project.StressTestCaseTest, Module 7 Unit Test Project, Version=1.0.0.0, Culture=neutral, PublicKeyToken=null" name="StressTestCaseConstructorTest" />
    </UnitTest>
    <UnitTest name="ToStringTest" storage="e:\labfiles\lab 7\ex1\starter\stresstest unit test project\bin\debug\module 7 unit test project.dll" id="1c2d0dcc-1bcf-b45e-8838-454d0c31bbcd">
      <Execution id="21c1d073-b918-4792-9319-0284461de84c" />
      <TestMethod codeBase="E:/Labfiles/Lab 7/Ex1/Starter/StressTest Unit Test Project/bin/Debug/Module 7 Unit Test Project.DLL" adapterTypeName="Microsoft.VisualStudio.TestTools.TestTypes.Unit.UnitTestAdapter, Microsoft.VisualStudio.QualityTools.Tips.UnitTest.Adapter, Version=10.0.0.0, Culture=neutral, PublicKeyToken=b03f5f7f11d50a3a" className="Module_7_Unit_Test_Project.StressTestCaseTest, Module 7 Unit Test Project, Version=1.0.0.0, Culture=neutral, PublicKeyToken=null" name="ToStringTest" />
    </UnitTest>
  </TestDefinitions>
  <TestLists>
    <TestList name="Results Not in a List" id="8c84fa94-04c1-424b-9868-57a2d4851a1d" />
    <TestList name="All Loaded Results" id="19431567-8539-422a-85d7-44ee4e166bda" />
  </TestLists>
  <TestEntries>
    <TestEntry testId="1c2d0dcc-1bcf-b45e-8838-454d0c31bbcd" executionId="21c1d073-b918-4792-9319-0284461de84c" testListId="8c84fa94-04c1-424b-9868-57a2d4851a1d" />
    <TestEntry testId="4b5ca72b-c0e0-3aa2-217a-dcdd00acddfd" executionId="4e67e163-375c-43bb-8fe7-87e82fa8e6fc" testListId="8c84fa94-04c1-424b-9868-57a2d4851a1d" />
    <TestEntry testId="61c7c0c4-6e56-2e34-4cb3-02150288c418" executionId="03aba92f-d200-4df7-a3ab-6fe99c8cc5b2" testListId="8c84fa94-04c1-424b-9868-57a2d4851a1d" />
    <TestEntry testId="70b9a4e8-adeb-92de-9a22-c40ce6116f91" executionId="260699b3-5964-48ab-9cd2-08c0ddb28a9b" testListId="8c84fa94-04c1-424b-9868-57a2d4851a1d" />
    <TestEntry testId="bbdebe19-d9b1-54e0-0b83-827f9b576015" executionId="c59a9b33-6738-4a09-a6e2-a40a67793870" testListId="8c84fa94-04c1-424b-9868-57a2d4851a1d" />
  </TestEntries>
  <Results>
    <UnitTestResult executionId="21c1d073-b918-4792-9319-0284461de84c" testId="1c2d0dcc-1bcf-b45e-8838-454d0c31bbcd" testName="ToStringTest" computerName="10266A-GEN-DEV" duration="00:00:00.0098313" startTime="2022-07-27T08:54:20.7435781-07:00" endTime="2022-07-27T08:54:20.8568593-07:00" testType="13cdc9d9-ddb5-4fa4-a97d-d965ccfc6d4b" outcome="Passed" testListId="8c84fa94-04c1-424b-9868-57a2d4851a1d" relativeResultsDirectory="21c1d073-b918-4792-9319-0284461de84c">
    </UnitTestResult>
    <UnitTestResult executionId="4e67e163-375c-43bb-8fe7-87e82fa8e6fc" testId="4b5ca72b-c0e0-3aa2-217a-dcdd00acddfd" testName="StressTestCaseConstructorTest" computerName="10266A-GEN-DEV" duration="00:00:00.0011240" startTime="2022-07-27T08:54:20.8568593-07:00" endTime="2022-07-27T08:54:20.8597890-07:00" testType="13cdc9d9-ddb5-4fa4-a97d-d965ccfc6d4b" outcome="Passed" testListId="8c84fa94-04c1-424b-9868-57a2d4851a1d" relativeResultsDirectory="4e67e163-375c-43bb-8fe7-87e82fa8e6fc">
    </UnitTestResult>
    <UnitTestResult executionId="03aba92f-d200-4df7-a3ab-6fe99c8cc5b2" testId="61c7c0c4-6e56-2e34-4cb3-02150288c418" testName="StressTestCaseConstructorTest1" computerName="10266A-GEN-DEV" duration="00:00:00.0001051" startTime="2022-07-27T08:54:20.8607656-07:00" endTime="2022-07-27T08:54:20.8627187-07:00" testType="13cdc9d9-ddb5-4fa4-a97d-d965ccfc6d4b" outcome="Passed" testListId="8c84fa94-04c1-424b-9868-57a2d4851a1d" relativeResultsDirectory="03aba92f-d200-4df7-a3ab-6fe99c8cc5b2">
    </UnitTestResult>
    <UnitTestResult executionId="260699b3-5964-48ab-9cd2-08c0ddb28a9b" testId="70b9a4e8-adeb-92de-9a22-c40ce6116f91" testName="GetStressTestResultTest" computerName="10266A-GEN-DEV" duration="00:00:00.0005046" startTime="2022-07-27T08:54:20.8627187-07:00" endTime="2022-07-27T08:54:20.8646718-07:00" testType="13cdc9d9-ddb5-4fa4-a97d-d965ccfc6d4b" outcome="Passed" testListId="8c84fa94-04c1-424b-9868-57a2d4851a1d" relativeResultsDirectory="260699b3-5964-48ab-9cd2-08c0ddb28a9b">
    </UnitTestResult>
    <UnitTestResult executionId="c59a9b33-6738-4a09-a6e2-a40a67793870" testId="bbdebe19-d9b1-54e0-0b83-827f9b576015" testName="PerformStressTestTest" computerName="10266A-GEN-DEV" duration="00:00:00.0001578" startTime="2022-07-27T08:54:20.8646718-07:00" endTime="2022-07-27T08:54:20.8666250-07:00" testType="13cdc9d9-ddb5-4fa4-a97d-d965ccfc6d4b" outcome="Passed" testListId="8c84fa94-04c1-424b-9868-57a2d4851a1d" relativeResultsDirectory="c59a9b33-6738-4a09-a6e2-a40a67793870">
    </UnitTestResult>
  </Results>
</TestRun>